#
# There is insufficient memory for the Java Runtime Environment to continue.
# Native memory allocation (malloc) failed to allocate 1048576 bytes for AllocateHeap
# Possible reasons:
#   The system is out of physical RAM or swap space
#   The process is running with CompressedOops enabled, and the Java Heap may be blocking the growth of the native heap
# Possible solutions:
#   Reduce memory load on the system
#   Increase physical memory or swap space
#   Check if swap backing store is full
#   Decrease Java heap size (-Xmx/-Xms)
#   Decrease number of Java threads
#   Decrease Java thread stack sizes (-Xss)
#   Set larger code cache with -XX:ReservedCodeCacheSize=
#   JVM is running with Unscaled Compressed Oops mode in which the Java heap is
#     placed in the first 4GB address space. The Java Heap base address is the
#     maximum limit for the native heap growth. Please use -XX:HeapBaseMinAddress
#     to set the Java Heap base and to place the Java Heap above 4GB virtual address.
# This output file may be truncated or incomplete.
#
#  Out of Memory Error (memory/allocation.inline.hpp:61), pid=10544, tid=0x0000000000001ce4
#
# JRE version:  (8.0_201-b09) (build )
# Java VM: Java HotSpot(TM) 64-Bit Server VM (25.201-b09 mixed mode windows-amd64 compressed oops)
# Failed to write core dump. Minidumps are not enabled by default on client versions of Windows
#

---------------  T H R E A D  ---------------

Current thread (0x00000000026e6000):  JavaThread "Unknown thread" [_thread_in_vm, id=7396, stack(0x00000000025e0000,0x00000000026e0000)]

Stack: [0x00000000025e0000,0x00000000026e0000]
[error occurred during error reporting (printing stack bounds), id 0xc0000005]

Native frames: (J=compiled Java code, j=interpreted, Vv=VM code, C=native code)


---------------  P R O C E S S  ---------------

Java Threads: ( => current thread )

Other Threads:

=>0x00000000026e6000 (exited) JavaThread "Unknown thread" [_thread_in_vm, id=7396, stack(0x00000000025e0000,0x00000000026e0000)]

VM state:not at safepoint (normal execution)

VM Mutex/Monitor currently owned by a thread: None

heap address: 0x00000000c1a00000, size: 998 MB, Compressed Oops mode: 32-bit
Narrow klass base: 0x0000000000000000, Narrow klass shift: 3
Compressed class space size: 1073741824 Address: 0x0000000100000000

Heap:
 PSYoungGen      total 18944K, used 327K [0x00000000eb380000, 0x00000000ec880000, 0x0000000100000000)
  eden space 16384K, 2% used [0x00000000eb380000,0x00000000eb3d1ec8,0x00000000ec380000)
  from space 2560K, 0% used [0x00000000ec600000,0x00000000ec600000,0x00000000ec880000)
  to   space 2560K, 0% used [0x00000000ec380000,0x00000000ec380000,0x00000000ec600000)
 ParOldGen       total 44032K, used 0K [0x00000000c1a00000, 0x00000000c4500000, 0x00000000eb380000)
  object space 44032K, 0% used [0x00000000c1a00000,0x00000000c1a00000,0x00000000c4500000)
 Metaspace       used 751K, capacity 4480K, committed 4480K, reserved 1056768K
  class space    used 76K, capacity 384K, committed 384K, reserved 1048576K

Card table byte_map: [0x0000000011ba0000,0x0000000011da0000] byte_map_base: 0x0000000011593000

Marking Bits: (ParMarkBitMap*) 0x000000005e7f4ce0
 Begin Bits: [0x00000000122f0000, 0x0000000013288000)
 End Bits:   [0x0000000013288000, 0x0000000014220000)

Polling page: 0x0000000002520000

CodeCache: size=245760Kb used=328Kb max_used=328Kb free=245431Kb
 bounds [0x00000000027e0000, 0x0000000002a50000, 0x00000000117e0000]
 total_blobs=58 nmethods=0 adapters=38
 compilation: enabled

Compilation events (0 events):
No events

GC Heap History (0 events):
No events

Deoptimization events (0 events):
No events

Classes redefined (0 events):
No events

Internal exceptions (0 events):
No events

Events (10 events):
Event: 0.166 loading class java/lang/Short
Event: 0.166 loading class java/lang/Short done
Event: 0.166 loading class java/lang/Integer
Event: 0.167 loading class java/lang/Integer done
Event: 0.167 loading class java/lang/Long
Event: 0.167 loading class java/lang/Long done
Event: 0.168 loading class java/lang/NullPointerException
Event: 0.168 loading class java/lang/NullPointerException done
Event: 0.168 loading class java/lang/ArithmeticException
Event: 0.168 loading class java/lang/ArithmeticException done


Dynamic libraries:
0x00007ff7ba6c0000 - 0x00007ff7ba6f7000 	C:\Program Files\Java\jre1.8.0_201\bin\javaw.exe
0x00007ff997970000 - 0x00007ff997b51000 	C:\WINDOWS\SYSTEM32\ntdll.dll
0x00007ff994e40000 - 0x00007ff994ef1000 	C:\WINDOWS\System32\KERNEL32.DLL
0x00007ff9949c0000 - 0x00007ff994c33000 	C:\WINDOWS\System32\KERNELBASE.dll
0x00007ff995a70000 - 0x00007ff995b11000 	C:\WINDOWS\System32\ADVAPI32.dll
0x00007ff994f00000 - 0x00007ff994f9e000 	C:\WINDOWS\System32\msvcrt.dll
0x00007ff994fb0000 - 0x00007ff99500b000 	C:\WINDOWS\System32\sechost.dll
0x00007ff995010000 - 0x00007ff995134000 	C:\WINDOWS\System32\RPCRT4.dll
0x00007ff9977a0000 - 0x00007ff997931000 	C:\WINDOWS\System32\USER32.dll
0x00007ff994c40000 - 0x00007ff994c60000 	C:\WINDOWS\System32\win32u.dll
0x00007ff995140000 - 0x00007ff995168000 	C:\WINDOWS\System32\GDI32.dll
0x00007ff994720000 - 0x00007ff9948b1000 	C:\WINDOWS\System32\gdi32full.dll
0x00007ff994c60000 - 0x00007ff994cff000 	C:\WINDOWS\System32\msvcp_win.dll
0x00007ff9948c0000 - 0x00007ff9949b8000 	C:\WINDOWS\System32\ucrtbase.dll
0x00007ff987f80000 - 0x00007ff9881e9000 	C:\WINDOWS\WinSxS\amd64_microsoft.windows.common-controls_6595b64144ccf1df_6.0.17134.1130_none_d3ff42617c90becf\COMCTL32.dll
0x00007ff995740000 - 0x00007ff995a61000 	C:\WINDOWS\System32\combase.dll
0x00007ff994d60000 - 0x00007ff994dd9000 	C:\WINDOWS\System32\bcryptPrimitives.dll
0x00007ff9954c0000 - 0x00007ff9954ed000 	C:\WINDOWS\System32\IMM32.DLL
0x000000005eac0000 - 0x000000005eb91000 	C:\Program Files\Java\jre1.8.0_201\bin\msvcr100.dll
0x000000005dfd0000 - 0x000000005e874000 	C:\Program Files\Java\jre1.8.0_201\bin\server\jvm.dll
0x00007ff995500000 - 0x00007ff995508000 	C:\WINDOWS\System32\PSAPI.DLL
0x00007ff98fc30000 - 0x00007ff98fc53000 	C:\WINDOWS\SYSTEM32\WINMM.dll
0x00007ff989320000 - 0x00007ff989329000 	C:\WINDOWS\SYSTEM32\WSOCK32.dll
0x00007ff989350000 - 0x00007ff98935a000 	C:\WINDOWS\SYSTEM32\VERSION.dll
0x00007ff98fc00000 - 0x00007ff98fc2a000 	C:\WINDOWS\SYSTEM32\WINMMBASE.dll
0x00007ff9946d0000 - 0x00007ff994719000 	C:\WINDOWS\System32\cfgmgr32.dll
0x00007ff995b20000 - 0x00007ff995b8c000 	C:\WINDOWS\System32\WS2_32.dll
0x00007ff971730000 - 0x00007ff97173f000 	C:\Program Files\Java\jre1.8.0_201\bin\verify.dll
0x00007ff96c9b0000 - 0x00007ff96c9d9000 	C:\Program Files\Java\jre1.8.0_201\bin\java.dll
0x00007ff970290000 - 0x00007ff9702a6000 	C:\Program Files\Java\jre1.8.0_201\bin\zip.dll

VM Arguments:
jvm_args: -ea -Dfile.encoding=UTF-8 
java_command: org.eclipse.jdt.internal.junit.runner.RemoteTestRunner -version 3 -port 62589 -testLoaderClass org.eclipse.jdt.internal.junit4.runner.JUnit4TestLoader -loaderpluginname org.eclipse.jdt.junit4.runtime -classNames MyRunner.TestRunner
java_class_path (initial): D:\SeleniumProjects\NCucumberSelenium\target\test-classes;D:\SeleniumProjects\NCucumberSelenium\target\classes;C:\Users\SunkaraRam\.p2\pool\plugins\org.testng_6.14.2.r201802161450.jar;C:\Users\SunkaraRam\.p2\pool\plugins\com.beust.jcommander_1.72.0.jar;C:\Users\SunkaraRam\.p2\pool\plugins\org.apache-extras.beanshell.bsh_2.0.0.b6.jar;C:\Users\SunkaraRam\.p2\pool\plugins\org.yaml.snakeyaml_1.17.0.jar;C:\Users\SunkaraRam\.p2\pool\plugins\org.junit_4.12.0.v201504281640\junit.jar;C:\Users\SunkaraRam\.p2\pool\plugins\org.hamcrest.core_1.3.0.v20180420-1519.jar;C:\Program Files\Java\jdk\lib\tools.jar;C:\Users\SunkaraRam\.m2\repository\net\sourceforge\cobertura\cobertura\2.1.1\cobertura-2.1.1.jar;C:\Users\SunkaraRam\.m2\repository\org\ow2\asm\asm\5.0.1\asm-5.0.1.jar;C:\Users\SunkaraRam\.m2\repository\org\ow2\asm\asm-tree\5.0.1\asm-tree-5.0.1.jar;C:\Users\SunkaraRam\.m2\repository\org\ow2\asm\asm-commons\5.0.1\asm-commons-5.0.1.jar;C:\Users\SunkaraRam\.m2\repository\org\ow2\asm\asm-util\5.0.1\asm-util-5.0.1.jar;C:\Users\SunkaraRam\.m2\repository\org\ow2\asm\asm-analysis\5.0.1\asm-analysis-5.0.1.jar;C:\Users\SunkaraRam\.m2\repository\oro\oro\2.0.8\oro-2.0.8.jar;C:\Users\SunkaraRam\.m2\repository\jaxen\jaxen\1.1.4\jaxen-1.1.4.jar;C:\Users\SunkaraRam\.m2\repository\org\apache\ant\ant\1.8.3\ant-1.8.3.jar;C:\Users\SunkaraRam\.m2\repository\org\apache\ant\ant-launcher\1.8.3\ant-launcher-1.8.3.jar;C:\Users\SunkaraRam\.m2\repository\org\apache\ant\ant-junit\1.8.3\ant-junit-1.8.3.jar;C:\Users\SunkaraRam\.m2\repository\org\mortbay\jetty\servlet-api-2.5\6.1.14\servlet-api-2.5-6.1.14.jar;C:\Users\SunkaraRam\.m2\repository\org\mortbay\jetty\jetty\6.1.14\jetty-6.1.14.jar;C:\Users\SunkaraRam\.m2\repository\org\mortbay\jetty\jetty-util\6.1.14\jetty-util-6.1.14.jar;C:\Users\SunkaraRam\.m2\repository\org\slf4j\slf4j-api\1.7.5\slf4j-api-1.7.5.jar;C:\Users\SunkaraRam\.m2\repository\ch\qos\logback\logback-classic\1.0.13\logback-classic-1.0.13.jar;C:\Users\SunkaraRam\.
Launcher Type: SUN_STANDARD

Environment Variables:
JAVA_HOME=C:\Program Files\Java\jdk1.8.0_201
PATH=C:/Program Files/Java/jre1.8.0_201/bin/server;C:/Program Files/Java/jre1.8.0_201/bin;C:/Program Files/Java/jre1.8.0_201/lib/amd64;"C:\Program Files (x86)\Common Files\Oracle\Java\javapath;D:\Maven\apache-maven-3.6.0\bin;";C:\oraclexe\app\oracle\product\10.2.0\server\bin;C:\Users\SunkaraRam\AppData\Local\Programs\Python\Python36\Scripts\;C:\Users\SunkaraRam\AppData\Local\Programs\Python\Python36\;"C:\oraclexe\app\oracle\product\10.2.0\server\bin\;C:\Users\SunkaraRam\AppData\Local\Programs\Python\Python36";C:\WINDOWS\system32;C:\WINDOWS;C:\WINDOWS\System32\Wbem;C:\WINDOWS\System32\WindowsPowerShell\v1.0\;C:\Program Files\Java\jdk/bin;c:\Program Files (x86)\Microsoft SQL Server\100\Tools\Binn\;c:\Program Files\Microsoft SQL Server\100\Tools\Binn\;c:\Program Files\Microsoft SQL Server\100\DTS\Binn\;C:\WINDOWS\System32\OpenSSH\;C:\Program Files\Git\cmd;"C:\Users\SunkaraRam\AppData\Local\Programs\Python\Python36;C:\Users\SunkaraRam\AppData\Local\Programs\Python\Python36\Scripts";C:\Users\SunkaraRam\AppData\Local\Microsoft\WindowsApps;C:\Windows;
USERNAME=SunkaraRam
OS=Windows_NT
PROCESSOR_IDENTIFIER=Intel64 Family 6 Model 78 Stepping 3, GenuineIntel



---------------  S Y S T E M  ---------------

OS: Windows 10.0 , 64 bit Build 17134 (10.0.17134.753)

CPU:total 4 (initial active 4) (2 cores per cpu, 2 threads per core) family 6 model 78 stepping 3, cmov, cx8, fxsr, mmx, sse, sse2, sse3, ssse3, sse4.1, sse4.2, popcnt, avx, avx2, aes, clmul, erms, 3dnowpref, lzcnt, ht, tsc, tscinvbit, bmi1, bmi2, adx

Memory: 4k page, physical 4082692k(305100k free), swap 9063428k(5096k free)

vm_info: Java HotSpot(TM) 64-Bit Server VM (25.201-b09) for windows-amd64 JRE (1.8.0_201-b09), built on Dec 15 2018 18:36:39 by "java_re" with MS VC++ 10.0 (VS2010)

time: Sun Nov 17 19:12:37 2019
timezone: India Standard Time
elapsed time: 0 seconds (0d 0h 0m 0s)

