#
# There is insufficient memory for the Java Runtime Environment to continue.
# Native memory allocation (malloc) failed to allocate 462736 bytes for Chunk::new
# Possible reasons:
#   The system is out of physical RAM or swap space
#   The process is running with CompressedOops enabled, and the Java Heap may be blocking the growth of the native heap
# Possible solutions:
#   Reduce memory load on the system
#   Increase physical memory or swap space
#   Check if swap backing store is full
#   Decrease Java heap size (-Xmx/-Xms)
#   Decrease number of Java threads
#   Decrease Java thread stack sizes (-Xss)
#   Set larger code cache with -XX:ReservedCodeCacheSize=
#   JVM is running with Unscaled Compressed Oops mode in which the Java heap is
#     placed in the first 4GB address space. The Java Heap base address is the
#     maximum limit for the native heap growth. Please use -XX:HeapBaseMinAddress
#     to set the Java Heap base and to place the Java Heap above 4GB virtual address.
# This output file may be truncated or incomplete.
#
#  Out of Memory Error (allocation.cpp:390), pid=6040, tid=0x0000000000002658
#
# JRE version: Java(TM) SE Runtime Environment (8.0_201-b09) (build 1.8.0_201-b09)
# Java VM: Java HotSpot(TM) 64-Bit Server VM (25.201-b09 mixed mode windows-amd64 compressed oops)
# Failed to write core dump. Minidumps are not enabled by default on client versions of Windows
#

---------------  T H R E A D  ---------------

Current thread (0x0000000015833000):  JavaThread "C2 CompilerThread1" daemon [_thread_in_native, id=9816, stack(0x0000000016f70000,0x0000000017070000)]

Stack: [0x0000000016f70000,0x0000000017070000]
[error occurred during error reporting (printing stack bounds), id 0xc0000005]

Native frames: (J=compiled Java code, j=interpreted, Vv=VM code, C=native code)


Current CompileTask:
C2:   4581  312       4       java.io.WinNTFileSystem::normalize (143 bytes)


---------------  P R O C E S S  ---------------

Java Threads: ( => current thread )
  0x000000001718d000 JavaThread "Service Thread" daemon [_thread_blocked, id=14300, stack(0x0000000017570000,0x0000000017670000)]
  0x000000001583b800 JavaThread "C1 CompilerThread2" daemon [_thread_blocked, id=8168, stack(0x0000000017070000,0x0000000017170000)]
=>0x0000000015833000 JavaThread "C2 CompilerThread1" daemon [_thread_in_native, id=9816, stack(0x0000000016f70000,0x0000000017070000)]
  0x000000001582d800 JavaThread "C2 CompilerThread0" daemon [_thread_blocked, id=3056, stack(0x0000000016e70000,0x0000000016f70000)]
  0x000000001582c000 JavaThread "Attach Listener" daemon [_thread_blocked, id=3120, stack(0x0000000016d70000,0x0000000016e70000)]
  0x000000001582a800 JavaThread "Signal Dispatcher" daemon [_thread_blocked, id=3740, stack(0x0000000016c70000,0x0000000016d70000)]
  0x000000001581a800 JavaThread "Finalizer" daemon [_thread_blocked, id=916, stack(0x0000000016a80000,0x0000000016b80000)]
  0x00000000157f9000 JavaThread "Reference Handler" daemon [_thread_blocked, id=7376, stack(0x0000000016980000,0x0000000016a80000)]
  0x000000000324e800 JavaThread "main" [_thread_in_native, id=14068, stack(0x0000000002f80000,0x0000000003080000)]

Other Threads:
  0x00000000157f7800 VMThread [stack: 0x0000000016880000,0x0000000016980000] [id=5352]
  0x0000000017197800 WatcherThread [stack: 0x0000000017670000,0x0000000017770000] [id=8456]

VM state:not at safepoint (normal execution)

VM Mutex/Monitor currently owned by a thread: None

heap address: 0x00000000c1a00000, size: 998 MB, Compressed Oops mode: 32-bit
Narrow klass base: 0x0000000000000000, Narrow klass shift: 3
Compressed class space size: 1073741824 Address: 0x0000000100000000

Heap:
 PSYoungGen      total 18944K, used 6693K [0x00000000eb380000, 0x00000000ec880000, 0x0000000100000000)
  eden space 16384K, 40% used [0x00000000eb380000,0x00000000eba096b8,0x00000000ec380000)
  from space 2560K, 0% used [0x00000000ec600000,0x00000000ec600000,0x00000000ec880000)
  to   space 2560K, 0% used [0x00000000ec380000,0x00000000ec380000,0x00000000ec600000)
 ParOldGen       total 44032K, used 0K [0x00000000c1a00000, 0x00000000c4500000, 0x00000000eb380000)
  object space 44032K, 0% used [0x00000000c1a00000,0x00000000c1a00000,0x00000000c4500000)
 Metaspace       used 5165K, capacity 5324K, committed 5504K, reserved 1056768K
  class space    used 566K, capacity 632K, committed 640K, reserved 1048576K

Card table byte_map: [0x0000000012610000,0x0000000012810000] byte_map_base: 0x0000000012003000

Marking Bits: (ParMarkBitMap*) 0x000000005e7f4ce0
 Begin Bits: [0x0000000012d60000, 0x0000000013cf8000)
 End Bits:   [0x0000000013cf8000, 0x0000000014c90000)

Polling page: 0x0000000001290000

CodeCache: size=245760Kb used=1843Kb max_used=1843Kb free=243916Kb
 bounds [0x0000000003250000, 0x00000000034c0000, 0x0000000012250000]
 total_blobs=619 nmethods=318 adapters=214
 compilation: enabled

Compilation events (10 events):
Event: 4.432 Thread 0x000000001583b800 nmethod 311 0x000000000341ad10 code [0x000000000341aea0, 0x000000000341b268]
Event: 4.445 Thread 0x0000000015833000  312       4       java.io.WinNTFileSystem::normalize (143 bytes)
Event: 4.445 Thread 0x000000001583b800  313       3       java.util.jar.Manifest$FastInputStream::readLine (9 bytes)
Event: 4.445 Thread 0x000000001583b800 nmethod 313 0x000000000341b410 code [0x000000000341b580, 0x000000000341b728]
Event: 4.445 Thread 0x000000001583b800  315       3       java.lang.String::<init> (100 bytes)
Event: 4.446 Thread 0x000000001583b800 nmethod 315 0x000000000341b810 code [0x000000000341b9c0, 0x000000000341bea8]
Event: 4.446 Thread 0x000000001583b800  314       3       java.lang.String::checkBounds (46 bytes)
Event: 4.446 Thread 0x000000001583b800 nmethod 314 0x000000000341c1d0 code [0x000000000341c360, 0x000000000341c6c8]
Event: 4.446 Thread 0x000000001583b800  316   !   3       java.lang.ref.Finalizer::add (41 bytes)
Event: 4.446 Thread 0x000000001583b800 nmethod 316 0x000000000341c890 code [0x000000000341ca00, 0x000000000341cdb0]

GC Heap History (0 events):
No events

Deoptimization events (1 events):
Event: 3.931 Thread 0x000000000324e800 Uncommon trap: reason=unstable_if action=reinterpret pc=0x0000000003410fb8 method=java.lang.String.<init>([CII)V @ 18

Classes redefined (0 events):
No events

Internal exceptions (6 events):
Event: 0.167 Thread 0x000000000324e800 Exception <a 'java/lang/NoSuchMethodError': Method sun.misc.Unsafe.defineClass(Ljava/lang/String;[BII)Ljava/lang/Class; name or signature does not match> (0x00000000eb387cb0) thrown at [C:\re\workspace\8-2-build-windows-amd64-cygwin\jdk8u201\12322\hotspot
Event: 0.167 Thread 0x000000000324e800 Exception <a 'java/lang/NoSuchMethodError': Method sun.misc.Unsafe.prefetchRead(Ljava/lang/Object;J)V name or signature does not match> (0x00000000eb387f98) thrown at [C:\re\workspace\8-2-build-windows-amd64-cygwin\jdk8u201\12322\hotspot\src\share\vm\prim
Event: 2.275 Thread 0x000000000324e800 Exception <a 'java/security/PrivilegedActionException'> (0x00000000eb68e908) thrown at [C:\re\workspace\8-2-build-windows-amd64-cygwin\jdk8u201\12322\hotspot\src\share\vm\prims\jvm.cpp, line 1502]
Event: 2.275 Thread 0x000000000324e800 Exception <a 'java/security/PrivilegedActionException'> (0x00000000eb68eb18) thrown at [C:\re\workspace\8-2-build-windows-amd64-cygwin\jdk8u201\12322\hotspot\src\share\vm\prims\jvm.cpp, line 1502]
Event: 2.276 Thread 0x000000000324e800 Exception <a 'java/security/PrivilegedActionException'> (0x00000000eb692970) thrown at [C:\re\workspace\8-2-build-windows-amd64-cygwin\jdk8u201\12322\hotspot\src\share\vm\prims\jvm.cpp, line 1502]
Event: 2.276 Thread 0x000000000324e800 Exception <a 'java/security/PrivilegedActionException'> (0x00000000eb692b80) thrown at [C:\re\workspace\8-2-build-windows-amd64-cygwin\jdk8u201\12322\hotspot\src\share\vm\prims\jvm.cpp, line 1502]

Events (10 events):
Event: 4.227 loading class org/slf4j/helpers/SubstituteLoggerFactory
Event: 4.227 loading class org/slf4j/helpers/SubstituteLoggerFactory done
Event: 4.428 loading class org/slf4j/helpers/NOPLoggerFactory
Event: 4.428 loading class org/slf4j/helpers/NOPLoggerFactory done
Event: 4.444 loading class java/util/Collections$3
Event: 4.444 loading class java/util/Collections$3 done
Event: 4.444 loading class org/slf4j/impl/StaticLoggerBinder
Event: 4.444 loading class org/slf4j/impl/StaticLoggerBinder done
Event: 4.446 loading class org/slf4j/spi/LoggerFactoryBinder
Event: 4.446 loading class org/slf4j/spi/LoggerFactoryBinder done


Dynamic libraries:
0x00007ff7ba6c0000 - 0x00007ff7ba6f7000 	C:\Program Files\Java\jre1.8.0_201\bin\javaw.exe
0x00007ff997970000 - 0x00007ff997b51000 	C:\WINDOWS\SYSTEM32\ntdll.dll
0x00007ff994e40000 - 0x00007ff994ef1000 	C:\WINDOWS\System32\KERNEL32.DLL
0x00007ff9949c0000 - 0x00007ff994c33000 	C:\WINDOWS\System32\KERNELBASE.dll
0x00007ff995a70000 - 0x00007ff995b11000 	C:\WINDOWS\System32\ADVAPI32.dll
0x00007ff994f00000 - 0x00007ff994f9e000 	C:\WINDOWS\System32\msvcrt.dll
0x00007ff994fb0000 - 0x00007ff99500b000 	C:\WINDOWS\System32\sechost.dll
0x00007ff995010000 - 0x00007ff995134000 	C:\WINDOWS\System32\RPCRT4.dll
0x00007ff9977a0000 - 0x00007ff997931000 	C:\WINDOWS\System32\USER32.dll
0x00007ff994c40000 - 0x00007ff994c60000 	C:\WINDOWS\System32\win32u.dll
0x00007ff995140000 - 0x00007ff995168000 	C:\WINDOWS\System32\GDI32.dll
0x00007ff994720000 - 0x00007ff9948b1000 	C:\WINDOWS\System32\gdi32full.dll
0x00007ff994c60000 - 0x00007ff994cff000 	C:\WINDOWS\System32\msvcp_win.dll
0x00007ff9948c0000 - 0x00007ff9949b8000 	C:\WINDOWS\System32\ucrtbase.dll
0x00007ff987f80000 - 0x00007ff9881e9000 	C:\WINDOWS\WinSxS\amd64_microsoft.windows.common-controls_6595b64144ccf1df_6.0.17134.1130_none_d3ff42617c90becf\COMCTL32.dll
0x00007ff995740000 - 0x00007ff995a61000 	C:\WINDOWS\System32\combase.dll
0x00007ff994d60000 - 0x00007ff994dd9000 	C:\WINDOWS\System32\bcryptPrimitives.dll
0x00007ff9954c0000 - 0x00007ff9954ed000 	C:\WINDOWS\System32\IMM32.DLL
0x000000005eac0000 - 0x000000005eb91000 	C:\Program Files\Java\jre1.8.0_201\bin\msvcr100.dll
0x000000005dfd0000 - 0x000000005e874000 	C:\Program Files\Java\jre1.8.0_201\bin\server\jvm.dll
0x00007ff995500000 - 0x00007ff995508000 	C:\WINDOWS\System32\PSAPI.DLL
0x00007ff989320000 - 0x00007ff989329000 	C:\WINDOWS\SYSTEM32\WSOCK32.dll
0x00007ff98fc30000 - 0x00007ff98fc53000 	C:\WINDOWS\SYSTEM32\WINMM.dll
0x00007ff989350000 - 0x00007ff98935a000 	C:\WINDOWS\SYSTEM32\VERSION.dll
0x00007ff98fc00000 - 0x00007ff98fc2a000 	C:\WINDOWS\SYSTEM32\WINMMBASE.dll
0x00007ff9946d0000 - 0x00007ff994719000 	C:\WINDOWS\System32\cfgmgr32.dll
0x00007ff995b20000 - 0x00007ff995b8c000 	C:\WINDOWS\System32\WS2_32.dll
0x00007ff971730000 - 0x00007ff97173f000 	C:\Program Files\Java\jre1.8.0_201\bin\verify.dll
0x00007ff96c9b0000 - 0x00007ff96c9d9000 	C:\Program Files\Java\jre1.8.0_201\bin\java.dll
0x00007ff970290000 - 0x00007ff9702a6000 	C:\Program Files\Java\jre1.8.0_201\bin\zip.dll
0x00007ff996130000 - 0x00007ff997575000 	C:\WINDOWS\System32\SHELL32.dll
0x00007ff995290000 - 0x00007ff995339000 	C:\WINDOWS\System32\shcore.dll
0x00007ff993fc0000 - 0x00007ff9946d0000 	C:\WINDOWS\System32\windows.storage.dll
0x00007ff994de0000 - 0x00007ff994e31000 	C:\WINDOWS\System32\shlwapi.dll
0x00007ff993ce0000 - 0x00007ff993cf1000 	C:\WINDOWS\System32\kernel.appcore.dll
0x00007ff993cc0000 - 0x00007ff993cdf000 	C:\WINDOWS\System32\profapi.dll
0x00007ff993c70000 - 0x00007ff993cbc000 	C:\WINDOWS\System32\powrprof.dll
0x00007ff993c60000 - 0x00007ff993c6a000 	C:\WINDOWS\System32\FLTLIB.DLL
0x00007ff993690000 - 0x00007ff9936a7000 	C:\WINDOWS\SYSTEM32\CRYPTSP.dll
0x00007ff993090000 - 0x00007ff9930c3000 	C:\WINDOWS\system32\rsaenh.dll
0x00007ff9937c0000 - 0x00007ff9937e5000 	C:\WINDOWS\SYSTEM32\bcrypt.dll
0x00007ff993b60000 - 0x00007ff993b88000 	C:\WINDOWS\SYSTEM32\USERENV.dll
0x00007ff9936b0000 - 0x00007ff9936bb000 	C:\WINDOWS\SYSTEM32\CRYPTBASE.dll
0x00007ff96fd50000 - 0x00007ff96fd6a000 	C:\Program Files\Java\jre1.8.0_201\bin\net.dll
0x00007ff985200000 - 0x00007ff9853ca000 	C:\WINDOWS\SYSTEM32\urlmon.dll
0x00007ff985eb0000 - 0x00007ff986157000 	C:\WINDOWS\SYSTEM32\iertutil.dll
0x00007ff9934e0000 - 0x00007ff993546000 	C:\WINDOWS\system32\mswsock.dll
0x00007ff993230000 - 0x00007ff993268000 	C:\WINDOWS\SYSTEM32\IPHLPAPI.DLL
0x00007ff9954f0000 - 0x00007ff9954f8000 	C:\WINDOWS\System32\NSI.dll
0x00007ff98a0f0000 - 0x00007ff98a106000 	C:\WINDOWS\SYSTEM32\dhcpcsvc6.DLL
0x00007ff98a340000 - 0x00007ff98a35a000 	C:\WINDOWS\SYSTEM32\dhcpcsvc.DLL
0x00007ff962bd0000 - 0x00007ff962be1000 	C:\Program Files\Java\jre1.8.0_201\bin\nio.dll
0x00007ff989140000 - 0x00007ff98914a000 	C:\Users\SunkaraRam\AppData\Local\Temp\jansi-1.17-2341559266655915309.dll
0x00007ff989130000 - 0x00007ff98913a000 	C:\Users\SunkaraRam\AppData\Local\Temp\jansi-1.17-7136625898019764441.dll

VM Arguments:
jvm_args: -Dmaven.home=EMBEDDED -Dclassworlds.conf=D:\SeleniumProjects\.metadata\.plugins\org.eclipse.m2e.launching\launches\m2conf7002190610000742362.tmp -Dmaven.multiModuleProjectDirectory=D:\SeleniumProjects\NCucumberSelenium -Dfile.encoding=Cp1252 
java_command: org.codehaus.plexus.classworlds.launcher.Launcher -B clean
java_class_path (initial): C:\Users\SunkaraRam\.p2\pool\plugins\org.eclipse.m2e.maven.runtime_1.10.0.20181127-2120\jars\plexus-classworlds-2.5.2.jar
Launcher Type: SUN_STANDARD

Environment Variables:
JAVA_HOME=C:\Program Files\Java\jdk1.8.0_201
PATH=C:/Program Files/Java/jre1.8.0_201/bin/server;C:/Program Files/Java/jre1.8.0_201/bin;C:/Program Files/Java/jre1.8.0_201/lib/amd64;"C:\Program Files (x86)\Common Files\Oracle\Java\javapath;D:\Maven\apache-maven-3.6.0\bin;";C:\oraclexe\app\oracle\product\10.2.0\server\bin;C:\Users\SunkaraRam\AppData\Local\Programs\Python\Python36\Scripts\;C:\Users\SunkaraRam\AppData\Local\Programs\Python\Python36\;"C:\oraclexe\app\oracle\product\10.2.0\server\bin\;C:\Users\SunkaraRam\AppData\Local\Programs\Python\Python36";C:\WINDOWS\system32;C:\WINDOWS;C:\WINDOWS\System32\Wbem;C:\WINDOWS\System32\WindowsPowerShell\v1.0\;C:\Program Files\Java\jdk/bin;c:\Program Files (x86)\Microsoft SQL Server\100\Tools\Binn\;c:\Program Files\Microsoft SQL Server\100\Tools\Binn\;c:\Program Files\Microsoft SQL Server\100\DTS\Binn\;C:\WINDOWS\System32\OpenSSH\;C:\Program Files\Git\cmd;"C:\Users\SunkaraRam\AppData\Local\Programs\Python\Python36;C:\Users\SunkaraRam\AppData\Local\Programs\Python\Python36\Scripts";C:\Users\SunkaraRam\AppData\Local\Microsoft\WindowsApps;C:\Windows;
USERNAME=SunkaraRam
OS=Windows_NT
PROCESSOR_IDENTIFIER=Intel64 Family 6 Model 78 Stepping 3, GenuineIntel



---------------  S Y S T E M  ---------------

OS: Windows 10.0 , 64 bit Build 17134 (10.0.17134.753)

CPU:total 4 (initial active 4) (2 cores per cpu, 2 threads per core) family 6 model 78 stepping 3, cmov, cx8, fxsr, mmx, sse, sse2, sse3, ssse3, sse4.1, sse4.2, popcnt, avx, avx2, aes, clmul, erms, 3dnowpref, lzcnt, ht, tsc, tscinvbit, bmi1, bmi2, adx

Memory: 4k page, physical 4082692k(357120k free), swap 9063428k(5124k free)

vm_info: Java HotSpot(TM) 64-Bit Server VM (25.201-b09) for windows-amd64 JRE (1.8.0_201-b09), built on Dec 15 2018 18:36:39 by "java_re" with MS VC++ 10.0 (VS2010)

time: Sun Nov 17 19:13:21 2019
timezone: India Standard Time
elapsed time: 4 seconds (0d 0h 0m 4s)

